2026-04-05 22:55:42 - [INFO] - ============================================================
2026-04-05 22:55:42 - [INFO] - 🤖 SISTEMA SENTINEL PRO: INICIANDO SECUENCIA DE ARRANQUE
2026-04-05 22:55:42 - [INFO] - ============================================================
2026-04-05 23:01:45 - [INFO] - ============================================================
2026-04-05 23:01:45 - [INFO] - 🤖 SISTEMA SENTINEL PRO: INICIANDO SECUENCIA DE ARRANQUE
2026-04-05 23:01:45 - [INFO] - ============================================================
2026-04-05 23:04:25 - [INFO] - ============================================================
2026-04-05 23:04:25 - [INFO] - 🤖 SISTEMA SENTINEL PRO: INICIANDO SECUENCIA DE ARRANQUE
2026-04-05 23:04:25 - [INFO] - ============================================================
2026-04-05 23:04:26 - [INFO] - ============================================================
2026-04-05 23:04:26 - [INFO] - 👑 ECOSISTEMA EVOLUTIVO: SISTEMA INSTITUCIONAL EN LÍNEA
2026-04-05 23:04:26 - [INFO] - ============================================================
2026-04-05 23:04:28 - [INFO] - 📊 [DIAGNÓSTICO] Reporte de salud guardado. Uptime: 0.0 hrs | RAM Bot: 146.83 MB
2026-04-05 23:04:30 - [INFO] - [AUDITOR RED] Enlace Binance estable. Latencia: 219ms
2026-04-05 23:04:30 - [INFO] - 📡 Escaneando matrices MTF para AAVEUSDT...
2026-04-05 23:04:31 - [INFO] - 📊 4H RSI: 57.3 | 15m RSI: 80.6 | Fibo: 0.27%
2026-04-05 23:04:31 - [ERROR] - ❌ Error general en el hilo principal: 'ComparadorEstrategias' object has no attribute 'evaluar_condiciones_mtf'
2026-04-05 23:05:32 - [INFO] - [AUDITOR RED] Enlace Binance estable. Latencia: 221ms
2026-04-05 23:05:32 - [INFO] - 📡 Escaneando matrices MTF para AAVEUSDT...
2026-04-05 23:05:33 - [INFO] - 📊 4H RSI: 57.5 | 15m RSI: 80.6 | Fibo: 0.27%
2026-04-05 23:05:33 - [ERROR] - ❌ Error general en el hilo principal: 'ComparadorEstrategias' object has no attribute 'evaluar_condiciones_mtf'
2026-04-05 23:06:35 - [INFO] - [AUDITOR RED] Enlace Binance estable. Latencia: 565ms
2026-04-05 23:06:35 - [INFO] - 📡 Escaneando matrices MTF para AAVEUSDT...
2026-04-05 23:06:36 - [INFO] - 📊 4H RSI: 57.5 | 15m RSI: 80.7 | Fibo: 0.30%
2026-04-05 23:06:36 - [ERROR] - ❌ Error general en el hilo principal: 'ComparadorEstrategias' object has no attribute 'evaluar_condiciones_mtf'
2026-04-05 23:07:38 - [INFO] - [AUDITOR RED] Enlace Binance estable. Latencia: 271ms
2026-04-05 23:07:38 - [INFO] - 📡 Escaneando matrices MTF para AAVEUSDT...
2026-04-05 23:07:39 - [INFO] - 📊 4H RSI: 57.9 | 15m RSI: 81.1 | Fibo: 0.37%
2026-04-05 23:07:39 - [ERROR] - ❌ Error general en el hilo principal: 'ComparadorEstrategias' object has no attribute 'evaluar_condiciones_mtf'
2026-04-05 23:08:41 - [INFO] - [AUDITOR RED] Enlace Binance estable. Latencia: 575ms
2026-04-05 23:08:41 - [INFO] - 📡 Escaneando matrices MTF para AAVEUSDT...
2026-04-05 23:08:42 - [INFO] - 📊 4H RSI: 58.1 | 15m RSI: 81.3 | Fibo: 0.42%
2026-04-05 23:08:42 - [ERROR] - ❌ Error general en el hilo principal: 'ComparadorEstrategias' object has no attribute 'evaluar_condiciones_mtf'
2026-04-05 23:09:44 - [INFO] - 🛑 Deteniendo Orquestador por orden del usuario...
2026-04-05 23:09:57 - [INFO] - ============================================================
2026-04-05 23:09:57 - [INFO] - 🤖 SISTEMA SENTINEL PRO: INICIANDO SECUENCIA DE ARRANQUE
2026-04-05 23:09:57 - [INFO] - ============================================================
2026-04-05 23:09:58 - [INFO] - ============================================================
2026-04-05 23:09:58 - [INFO] - 👑 ECOSISTEMA EVOLUTIVO: SISTEMA INSTITUCIONAL EN LÍNEA
2026-04-05 23:09:58 - [INFO] - ============================================================
2026-04-05 23:10:00 - [INFO] - 📊 [DIAGNÓSTICO] Reporte de salud guardado. Uptime: 0.0 hrs | RAM Bot: 146.76 MB
2026-04-05 23:10:01 - [INFO] - [AUDITOR RED] Enlace Binance estable. Latencia: 221ms
2026-04-05 23:10:01 - [INFO] - 📡 Escaneando matrices MTF para AAVEUSDT...
2026-04-05 23:10:02 - [INFO] - 📊 4H RSI: 58.1 | 15m RSI: 81.4 | Fibo: 0.43%
2026-04-05 23:10:02 - [INFO] - 💤 Sin oportunidades claras. Manteniendo vigilancia...
2026-04-05 23:11:04 - [INFO] - [AUDITOR RED] Enlace Binance estable. Latencia: 235ms
2026-04-05 23:11:04 - [INFO] - 📡 Escaneando matrices MTF para AAVEUSDT...
2026-04-05 23:11:05 - [INFO] - 📊 4H RSI: 58.2 | 15m RSI: 81.5 | Fibo: 0.45%
2026-04-05 23:11:05 - [INFO] - 💤 Sin oportunidades claras. Manteniendo vigilancia...
2026-04-05 23:12:07 - [INFO] - [AUDITOR RED] Enlace Binance estable. Latencia: 563ms
2026-04-05 23:12:07 - [INFO] - 📡 Escaneando matrices MTF para AAVEUSDT...
2026-04-05 23:12:08 - [INFO] - 📊 4H RSI: 58.5 | 15m RSI: 81.6 | Fibo: 0.49%
2026-04-05 23:12:08 - [INFO] - 💤 Sin oportunidades claras. Manteniendo vigilancia...
2026-04-05 23:13:10 - [INFO] - [AUDITOR RED] Enlace Binance estable. Latencia: 624ms
2026-04-05 23:13:10 - [INFO] - 📡 Escaneando matrices MTF para AAVEUSDT...
2026-04-05 23:13:11 - [INFO] - 📊 4H RSI: 58.6 | 15m RSI: 81.7 | Fibo: 0.51%
2026-04-05 23:13:11 - [INFO] - 💤 Sin oportunidades claras. Manteniendo vigilancia...
2026-04-05 23:14:12 - [INFO] - [AUDITOR RED] Enlace Binance estable. Latencia: 225ms
2026-04-05 23:14:12 - [INFO] - 📡 Escaneando matrices MTF para AAVEUSDT...
2026-04-05 23:14:13 - [INFO] - 📊 4H RSI: 58.6 | 15m RSI: 81.4 | Fibo: 0.43%
2026-04-05 23:14:13 - [INFO] - 💤 Sin oportunidades claras. Manteniendo vigilancia...
2026-04-05 23:15:15 - [INFO] - [AUDITOR RED] Enlace Binance estable. Latencia: 221ms
2026-04-05 23:15:15 - [INFO] - 📡 Escaneando matrices MTF para AAVEUSDT...
2026-04-05 23:15:16 - [INFO] - 📊 4H RSI: 57.8 | 15m RSI: 81.0 | Fibo: 0.35%
2026-04-05 23:15:16 - [INFO] - 💤 Sin oportunidades claras. Manteniendo vigilancia...
2026-04-05 23:16:18 - [INFO] - [AUDITOR RED] Enlace Binance estable. Latencia: 565ms
2026-04-05 23:16:18 - [INFO] - 📡 Escaneando matrices MTF para AAVEUSDT...
2026-04-05 23:16:19 - [INFO] - 📊 4H RSI: 57.4 | 15m RSI: 78.7 | Fibo: 0.28%
2026-04-05 23:16:19 - [INFO] - 💤 Sin oportunidades claras. Manteniendo vigilancia...
2026-04-05 23:17:21 - [INFO] - [AUDITOR RED] Enlace Binance estable. Latencia: 226ms
2026-04-05 23:17:21 - [INFO] - 📡 Escaneando matrices MTF para AAVEUSDT...
2026-04-05 23:17:21 - [INFO] - 📊 4H RSI: 57.4 | 15m RSI: 78.0 | Fibo: 0.25%
2026-04-05 23:17:21 - [INFO] - 💤 Sin oportunidades claras. Manteniendo vigilancia...
2026-04-05 23:18:23 - [INFO] - [AUDITOR RED] Enlace Binance estable. Latencia: 562ms
2026-04-05 23:18:23 - [INFO] - 📡 Escaneando matrices MTF para AAVEUSDT...
2026-04-05 23:18:24 - [INFO] - 📊 4H RSI: 57.2 | 15m RSI: 78.0 | Fibo: 0.25%
2026-04-05 23:18:24 - [INFO] - 💤 Sin oportunidades claras. Manteniendo vigilancia...
2026-04-05 23:19:26 - [INFO] - [AUDITOR RED] Enlace Binance estable. Latencia: 235ms
2026-04-05 23:19:26 - [INFO] - 📡 Escaneando matrices MTF para AAVEUSDT...
2026-04-05 23:19:27 - [INFO] - 📊 4H RSI: 57.4 | 15m RSI: 78.0 | Fibo: 0.25%
2026-04-05 23:19:27 - [INFO] - 💤 Sin oportunidades claras. Manteniendo vigilancia...
2026-04-05 23:20:29 - [INFO] - [AUDITOR RED] Enlace Binance estable. Latencia: 234ms
2026-04-05 23:20:29 - [INFO] - 📡 Escaneando matrices MTF para AAVEUSDT...
2026-04-05 23:20:29 - [INFO] - 📊 4H RSI: 57.0 | 15m RSI: 77.1 | Fibo: 0.21%
2026-04-05 23:20:29 - [INFO] - 💤 Sin oportunidades claras. Manteniendo vigilancia...
2026-04-05 23:21:32 - [INFO] - [AUDITOR RED] Enlace Binance estable. Latencia: 600ms
2026-04-05 23:21:32 - [INFO] - 📡 Escaneando matrices MTF para AAVEUSDT...
2026-04-05 23:21:33 - [INFO] - 📊 4H RSI: 57.0 | 15m RSI: 77.1 | Fibo: 0.21%
2026-04-05 23:21:33 - [INFO] - 💤 Sin oportunidades claras. Manteniendo vigilancia...
2026-04-05 23:22:35 - [INFO] - [AUDITOR RED] Enlace Binance estable. Latencia: 579ms
2026-04-05 23:22:35 - [INFO] - 📡 Escaneando matrices MTF para AAVEUSDT...
2026-04-05 23:22:35 - [INFO] - 📊 4H RSI: 56.9 | 15m RSI: 76.9 | Fibo: 0.20%
2026-04-05 23:22:35 - [INFO] - 💤 Sin oportunidades claras. Manteniendo vigilancia...
2026-04-05 23:23:37 - [INFO] - [AUDITOR RED] Enlace Binance estable. Latencia: 238ms
2026-04-05 23:23:37 - [INFO] - 📡 Escaneando matrices MTF para AAVEUSDT...
2026-04-05 23:23:38 - [INFO] - 📊 4H RSI: 56.9 | 15m RSI: 76.7 | Fibo: 0.19%
2026-04-05 23:23:38 - [INFO] - 💤 Sin oportunidades claras. Manteniendo vigilancia...
2026-04-05 23:24:40 - [INFO] - [AUDITOR RED] Enlace Binance estable. Latencia: 262ms
2026-04-05 23:24:40 - [INFO] - 📡 Escaneando matrices MTF para AAVEUSDT...
2026-04-05 23:24:41 - [INFO] - 📊 4H RSI: 56.3 | 15m RSI: 74.7 | Fibo: 0.09%
2026-04-05 23:24:41 - [INFO] - 💤 Sin oportunidades claras. Manteniendo vigilancia...
2026-04-05 23:25:42 - [INFO] - [AUDITOR RED] Enlace Binance estable. Latencia: 218ms
2026-04-05 23:25:42 - [INFO] - 📡 Escaneando matrices MTF para AAVEUSDT...
2026-04-05 23:25:43 - [INFO] - 📊 4H RSI: 56.7 | 15m RSI: 75.8 | Fibo: 0.15%
2026-04-05 23:25:43 - [INFO] - 💤 Sin oportunidades claras. Manteniendo vigilancia...
2026-04-05 23:26:45 - [INFO] - [AUDITOR RED] Enlace Binance estable. Latencia: 225ms
2026-04-05 23:26:45 - [INFO] - 📡 Escaneando matrices MTF para AAVEUSDT...
2026-04-05 23:26:46 - [INFO] - 📊 4H RSI: 56.7 | 15m RSI: 75.8 | Fibo: 0.15%
2026-04-05 23:26:46 - [INFO] - 💤 Sin oportunidades claras. Manteniendo vigilancia...
2026-04-05 23:27:48 - [INFO] - [AUDITOR RED] Enlace Binance estable. Latencia: 579ms
2026-04-05 23:27:48 - [INFO] - 📡 Escaneando matrices MTF para AAVEUSDT...
2026-04-05 23:27:49 - [INFO] - 📊 4H RSI: 56.8 | 15m RSI: 76.5 | Fibo: 0.18%
2026-04-05 23:27:49 - [INFO] - 💤 Sin oportunidades claras. Manteniendo vigilancia...
2026-04-05 23:28:51 - [INFO] - [AUDITOR RED] Enlace Binance estable. Latencia: 228ms
2026-04-05 23:28:51 - [INFO] - 📡 Escaneando matrices MTF para AAVEUSDT...
2026-04-05 23:28:51 - [INFO] - 📊 4H RSI: 56.5 | 15m RSI: 76.5 | Fibo: 0.18%
2026-04-05 23:28:51 - [INFO] - 💤 Sin oportunidades claras. Manteniendo vigilancia...
2026-04-05 23:29:53 - [INFO] - [AUDITOR RED] Enlace Binance estable. Latencia: 564ms
2026-04-05 23:29:53 - [INFO] - 📡 Escaneando matrices MTF para AAVEUSDT...
2026-04-05 23:29:54 - [INFO] - 📊 4H RSI: 56.1 | 15m RSI: 75.4 | Fibo: 0.13%
2026-04-05 23:29:54 - [INFO] - 💤 Sin oportunidades claras. Manteniendo vigilancia...
2026-04-05 23:30:56 - [INFO] - [AUDITOR RED] Enlace Binance estable. Latencia: 266ms
2026-04-05 23:30:56 - [INFO] - 📡 Escaneando matrices MTF para AAVEUSDT...
2026-04-05 23:30:57 - [INFO] - 📊 4H RSI: 56.0 | 15m RSI: 68.7 | Fibo: 0.02%
2026-04-05 23:30:57 - [INFO] - 💤 Sin oportunidades claras. Manteniendo vigilancia...
2026-04-05 23:31:58 - [INFO] - [AUDITOR RED] Enlace Binance estable. Latencia: 218ms
2026-04-05 23:31:58 - [INFO] - 📡 Escaneando matrices MTF para AAVEUSDT...
2026-04-05 23:32:00 - [INFO] - 📊 4H RSI: 55.8 | 15m RSI: 68.7 | Fibo: 0.02%
2026-04-05 23:32:00 - [INFO] - 💤 Sin oportunidades claras. Manteniendo vigilancia...
2026-04-05 23:33:01 - [INFO] - [AUDITOR RED] Enlace Binance estable. Latencia: 269ms
2026-04-05 23:33:01 - [INFO] - 📡 Escaneando matrices MTF para AAVEUSDT...
2026-04-05 23:33:02 - [INFO] - 📊 4H RSI: 56.1 | 15m RSI: 69.0 | Fibo: 0.05%
2026-04-05 23:33:02 - [INFO] - 💤 Sin oportunidades claras. Manteniendo vigilancia...
2026-04-05 23:34:04 - [INFO] - [AUDITOR RED] Enlace Binance estable. Latencia: 219ms
2026-04-05 23:34:04 - [INFO] - 📡 Escaneando matrices MTF para AAVEUSDT...
2026-04-05 23:34:05 - [INFO] - 📊 4H RSI: 56.0 | 15m RSI: 69.0 | Fibo: 0.05%
2026-04-05 23:34:05 - [INFO] - 💤 Sin oportunidades claras. Manteniendo vigilancia...
2026-04-05 23:35:07 - [INFO] - [AUDITOR RED] Enlace Binance estable. Latencia: 225ms
2026-04-05 23:35:07 - [INFO] - 📡 Escaneando matrices MTF para AAVEUSDT...
2026-04-05 23:35:07 - [INFO] - 📊 4H RSI: 56.0 | 15m RSI: 68.8 | Fibo: 0.03%
2026-04-05 23:35:07 - [INFO] - 💤 Sin oportunidades claras. Manteniendo vigilancia...
2026-04-05 23:36:10 - [INFO] - [AUDITOR RED] Enlace Binance estable. Latencia: 599ms
2026-04-05 23:36:10 - [INFO] - 📡 Escaneando matrices MTF para AAVEUSDT...
2026-04-05 23:36:10 - [INFO] - 📊 4H RSI: 55.5 | 15m RSI: 68.2 | Fibo: 0.01%
2026-04-05 23:36:10 - [INFO] - 💤 Sin oportunidades claras. Manteniendo vigilancia...
2026-04-05 23:37:13 - [INFO] - [AUDITOR RED] Enlace Binance estable. Latencia: 600ms
2026-04-05 23:37:13 - [INFO] - 📡 Escaneando matrices MTF para AAVEUSDT...
2026-04-05 23:37:15 - [INFO] - 📊 4H RSI: 55.5 | 15m RSI: 67.1 | Fibo: 0.06%
2026-04-05 23:37:15 - [INFO] - 💤 Sin oportunidades claras. Manteniendo vigilancia...
2026-04-05 23:38:17 - [INFO] - [AUDITOR RED] Enlace Binance estable. Latencia: 271ms
2026-04-05 23:38:17 - [INFO] - 📡 Escaneando matrices MTF para AAVEUSDT...
2026-04-05 23:38:18 - [INFO] - 📊 4H RSI: 56.1 | 15m RSI: 69.1 | Fibo: 0.06%
2026-04-05 23:38:18 - [INFO] - 💤 Sin oportunidades claras. Manteniendo vigilancia...
2026-04-05 23:39:20 - [INFO] - [AUDITOR RED] Enlace Binance estable. Latencia: 216ms
2026-04-05 23:39:20 - [INFO] - 📡 Escaneando matrices MTF para AAVEUSDT...
2026-04-05 23:39:21 - [INFO] - 📊 4H RSI: 56.2 | 15m RSI: 69.1 | Fibo: 0.06%
2026-04-05 23:39:21 - [INFO] - 💤 Sin oportunidades claras. Manteniendo vigilancia...
2026-04-05 23:40:23 - [INFO] - [AUDITOR RED] Enlace Binance estable. Latencia: 231ms
2026-04-05 23:40:23 - [INFO] - 📡 Escaneando matrices MTF para AAVEUSDT...
2026-04-05 23:40:24 - [INFO] - 📊 4H RSI: 55.4 | 15m RSI: 66.7 | Fibo: 0.08%
2026-04-05 23:40:24 - [INFO] - 💤 Sin oportunidades claras. Manteniendo vigilancia...
2026-04-05 23:41:25 - [INFO] - [AUDITOR RED] Enlace Binance estable. Latencia: 217ms
2026-04-05 23:41:25 - [INFO] - 📡 Escaneando matrices MTF para AAVEUSDT...
2026-04-05 23:41:26 - [INFO] - 📊 4H RSI: 55.4 | 15m RSI: 66.9 | Fibo: 0.07%
2026-04-05 23:41:26 - [INFO] - 💤 Sin oportunidades claras. Manteniendo vigilancia...
2026-04-05 23:42:00 - [INFO] - 🛑 Deteniendo Orquestador por orden del usuario...
2026-04-05 23:51:15 - [INFO] - Descargando matrices y calculando flujo continuo para AAVEUSDT...
2026-04-05 23:51:21 - [INFO] - Descargando matrices y calculando flujo continuo para AAVEUSDT...
2026-04-05 23:51:27 - [INFO] - Descargando matrices y calculando flujo continuo para AAVEUSDT...
2026-04-05 23:51:34 - [INFO] - Descargando matrices y calculando flujo continuo para AAVEUSDT...
2026-04-05 23:51:40 - [INFO] - Descargando matrices y calculando flujo continuo para AAVEUSDT...
2026-04-05 23:51:46 - [INFO] - Descargando matrices y calculando flujo continuo para AAVEUSDT...
2026-04-05 23:51:52 - [INFO] - Descargando matrices y calculando flujo continuo para AAVEUSDT...
2026-04-05 23:51:58 - [INFO] - Descargando matrices y calculando flujo continuo para AAVEUSDT...
2026-04-05 23:52:04 - [INFO] - Descargando matrices y calculando flujo continuo para AAVEUSDT...
2026-04-05 23:52:10 - [INFO] - Descargando matrices y calculando flujo continuo para AAVEUSDT...
2026-04-05 23:52:16 - [INFO] - Descargando matrices y calculando flujo continuo para AAVEUSDT...
2026-04-05 23:52:22 - [INFO] - Descargando matrices y calculando flujo continuo para AAVEUSDT...
2026-04-05 23:52:28 - [INFO] - Descargando matrices y calculando flujo continuo para AAVEUSDT...
2026-04-05 23:52:34 - [INFO] - Descargando matrices y calculando flujo continuo para AAVEUSDT...
2026-04-05 23:52:40 - [INFO] - Descargando matrices y calculando flujo continuo para AAVEUSDT...
2026-04-05 23:52:47 - [INFO] - Descargando matrices y calculando flujo continuo para AAVEUSDT...
2026-04-05 23:52:53 - [INFO] - Descargando matrices y calculando flujo continuo para AAVEUSDT...
2026-04-05 23:52:59 - [INFO] - Descargando matrices y calculando flujo continuo para AAVEUSDT...
2026-04-05 23:53:05 - [INFO] - Descargando matrices y calculando flujo continuo para AAVEUSDT...
2026-04-05 23:53:12 - [INFO] - Descargando matrices y calculando flujo continuo para AAVEUSDT...
2026-04-05 23:53:18 - [INFO] - Descargando matrices y calculando flujo continuo para AAVEUSDT...
2026-04-05 23:53:24 - [INFO] - Descargando matrices y calculando flujo continuo para AAVEUSDT...
2026-04-05 23:53:30 - [INFO] - Descargando matrices y calculando flujo continuo para AAVEUSDT...
2026-04-05 23:53:36 - [INFO] - Descargando matrices y calculando flujo continuo para AAVEUSDT...
2026-04-05 23:53:42 - [INFO] - Descargando matrices y calculando flujo continuo para AAVEUSDT...
2026-04-05 23:53:48 - [INFO] - Descargando matrices y calculando flujo continuo para AAVEUSDT...
2026-04-05 23:53:54 - [INFO] - Descargando matrices y calculando flujo continuo para AAVEUSDT...
2026-04-05 23:54:00 - [INFO] - Descargando matrices y calculando flujo continuo para AAVEUSDT...
2026-04-05 23:54:06 - [INFO] - Descargando matrices y calculando flujo continuo para AAVEUSDT...
2026-04-05 23:54:13 - [INFO] - Descargando matrices y calculando flujo continuo para AAVEUSDT...
2026-04-05 23:54:19 - [INFO] - Descargando matrices y calculando flujo continuo para AAVEUSDT...
2026-04-05 23:54:25 - [INFO] - Descargando matrices y calculando flujo continuo para AAVEUSDT...
2026-04-05 23:54:31 - [INFO] - Descargando matrices y calculando flujo continuo para AAVEUSDT...
2026-04-05 23:54:37 - [INFO] - Descargando matrices y calculando flujo continuo para AAVEUSDT...
2026-04-05 23:54:43 - [INFO] - Descargando matrices y calculando flujo continuo para AAVEUSDT...
2026-04-05 23:54:49 - [INFO] - Descargando matrices y calculando flujo continuo para AAVEUSDT...
2026-04-05 23:54:55 - [INFO] - Descargando matrices y calculando flujo continuo para AAVEUSDT...
2026-04-05 23:55:01 - [INFO] - Descargando matrices y calculando flujo continuo para AAVEUSDT...
2026-04-05 23:55:07 - [INFO] - Descargando matrices y calculando flujo continuo para AAVEUSDT...
2026-04-05 23:55:14 - [INFO] - Descargando matrices y calculando flujo continuo para AAVEUSDT...
2026-04-05 23:55:20 - [INFO] - Descargando matrices y calculando flujo continuo para AAVEUSDT...
2026-04-05 23:55:26 - [INFO] - Descargando matrices y calculando flujo continuo para AAVEUSDT...
2026-04-05 23:55:32 - [INFO] - Descargando matrices y calculando flujo continuo para AAVEUSDT...
2026-04-05 23:55:38 - [INFO] - Descargando matrices y calculando flujo continuo para AAVEUSDT...
2026-04-05 23:55:44 - [INFO] - Descargando matrices y calculando flujo continuo para AAVEUSDT...
2026-04-05 23:55:51 - [INFO] - Descargando matrices y calculando flujo continuo para AAVEUSDT...
2026-04-05 23:55:57 - [INFO] - Descargando matrices y calculando flujo continuo para AAVEUSDT...
2026-04-05 23:56:03 - [INFO] - Descargando matrices y calculando flujo continuo para AAVEUSDT...
2026-04-05 23:56:09 - [INFO] - Descargando matrices y calculando flujo continuo para AAVEUSDT...
2026-04-05 23:56:15 - [INFO] - Descargando matrices y calculando flujo continuo para AAVEUSDT...
2026-04-05 23:56:21 - [INFO] - Descargando matrices y calculando flujo continuo para AAVEUSDT...
2026-04-05 23:56:28 - [INFO] - Descargando matrices y calculando flujo continuo para AAVEUSDT...
2026-04-05 23:56:34 - [INFO] - Descargando matrices y calculando flujo continuo para AAVEUSDT...
2026-04-05 23:56:40 - [INFO] - Descargando matrices y calculando flujo continuo para AAVEUSDT...
2026-04-05 23:56:46 - [INFO] - Descargando matrices y calculando flujo continuo para AAVEUSDT...
2026-04-05 23:56:52 - [INFO] - Descargando matrices y calculando flujo continuo para AAVEUSDT...
2026-04-05 23:56:58 - [INFO] - Descargando matrices y calculando flujo continuo para AAVEUSDT...
2026-04-05 23:57:04 - [INFO] - Descargando matrices y calculando flujo continuo para AAVEUSDT...
2026-04-05 23:57:10 - [INFO] - Descargando matrices y calculando flujo continuo para AAVEUSDT...
2026-04-05 23:57:16 - [INFO] - Descargando matrices y calculando flujo continuo para AAVEUSDT...
2026-04-05 23:57:22 - [INFO] - Descargando matrices y calculando flujo continuo para AAVEUSDT...
2026-04-05 23:57:28 - [INFO] - Descargando matrices y calculando flujo continuo para AAVEUSDT...
2026-04-05 23:57:35 - [INFO] - Descargando matrices y calculando flujo continuo para AAVEUSDT...
2026-04-05 23:57:41 - [INFO] - Descargando matrices y calculando flujo continuo para AAVEUSDT...
2026-04-05 23:57:47 - [INFO] - Descargando matrices y calculando flujo continuo para AAVEUSDT...
2026-04-05 23:57:53 - [INFO] - Descargando matrices y calculando flujo continuo para AAVEUSDT...
2026-04-05 23:58:00 - [INFO] - Descargando matrices y calculando flujo continuo para AAVEUSDT...
2026-04-05 23:58:06 - [INFO] - Descargando matrices y calculando flujo continuo para AAVEUSDT...
2026-04-05 23:58:12 - [INFO] - Descargando matrices y calculando flujo continuo para AAVEUSDT...
2026-04-05 23:58:18 - [INFO] - Descargando matrices y calculando flujo continuo para AAVEUSDT...
2026-04-05 23:58:23 - [INFO] - Descargando matrices y calculando flujo continuo para AAVEUSDT...
2026-04-05 23:58:30 - [INFO] - Descargando matrices y calculando flujo continuo para AAVEUSDT...
2026-04-05 23:58:36 - [INFO] - Descargando matrices y calculando flujo continuo para AAVEUSDT...
2026-04-05 23:58:43 - [INFO] - Descargando matrices y calculando flujo continuo para AAVEUSDT...
2026-04-05 23:58:49 - [INFO] - Descargando matrices y calculando flujo continuo para AAVEUSDT...
2026-04-05 23:58:55 - [INFO] - Descargando matrices y calculando flujo continuo para AAVEUSDT...
2026-04-05 23:59:01 - [INFO] - Descargando matrices y calculando flujo continuo para AAVEUSDT...
2026-04-05 23:59:07 - [INFO] - Descargando matrices y calculando flujo continuo para AAVEUSDT...
2026-04-05 23:59:13 - [INFO] - Descargando matrices y calculando flujo continuo para AAVEUSDT...
2026-04-05 23:59:18 - [INFO] - Descargando matrices y calculando flujo continuo para AAVEUSDT...
2026-04-05 23:59:24 - [INFO] - Descargando matrices y calculando flujo continuo para AAVEUSDT...
2026-04-05 23:59:30 - [INFO] - Descargando matrices y calculando flujo continuo para AAVEUSDT...
2026-04-05 23:59:36 - [INFO] - Descargando matrices y calculando flujo continuo para AAVEUSDT...
2026-04-05 23:59:42 - [INFO] - Descargando matrices y calculando flujo continuo para AAVEUSDT...
2026-04-05 23:59:49 - [INFO] - Descargando matrices y calculando flujo continuo para AAVEUSDT...
2026-04-05 23:59:55 - [INFO] - Descargando matrices y calculando flujo continuo para AAVEUSDT...
2026-04-06 00:00:01 - [INFO] - Descargando matrices y calculando flujo continuo para AAVEUSDT...
2026-04-06 00:00:07 - [INFO] - Descargando matrices y calculando flujo continuo para AAVEUSDT...
2026-04-06 00:00:13 - [INFO] - Descargando matrices y calculando flujo continuo para AAVEUSDT...
2026-04-06 00:00:20 - [INFO] - Descargando matrices y calculando flujo continuo para AAVEUSDT...
2026-04-06 00:00:26 - [INFO] - Descargando matrices y calculando flujo continuo para AAVEUSDT...
2026-04-06 00:00:32 - [INFO] - Descargando matrices y calculando flujo continuo para AAVEUSDT...
2026-04-06 00:00:38 - [INFO] - Descargando matrices y calculando flujo continuo para AAVEUSDT...
2026-04-06 00:00:44 - [INFO] - Descargando matrices y calculando flujo continuo para AAVEUSDT...
2026-04-06 00:00:51 - [INFO] - Descargando matrices y calculando flujo continuo para AAVEUSDT...
2026-04-06 00:00:57 - [INFO] - Descargando matrices y calculando flujo continuo para AAVEUSDT...
2026-04-06 00:01:03 - [INFO] - Descargando matrices y calculando flujo continuo para AAVEUSDT...
2026-04-06 00:01:09 - [INFO] - Descargando matrices y calculando flujo continuo para AAVEUSDT...
2026-04-06 00:01:15 - [INFO] - Descargando matrices y calculando flujo continuo para AAVEUSDT...
2026-04-06 00:01:21 - [INFO] - Descargando matrices y calculando flujo continuo para AAVEUSDT...
2026-04-06 00:01:27 - [INFO] - Descargando matrices y calculando flujo continuo para AAVEUSDT...
2026-04-06 00:01:33 - [INFO] - Descargando matrices y calculando flujo continuo para AAVEUSDT...
2026-04-06 00:01:39 - [INFO] - Descargando matrices y calculando flujo continuo para AAVEUSDT...
2026-04-06 00:01:47 - [INFO] - Descargando matrices y calculando flujo continuo para AAVEUSDT...
2026-04-06 00:01:53 - [INFO] - Descargando matrices y calculando flujo continuo para AAVEUSDT...
2026-04-06 00:01:59 - [INFO] - Descargando matrices y calculando flujo continuo para AAVEUSDT...
2026-04-06 00:02:05 - [INFO] - Descargando matrices y calculando flujo continuo para AAVEUSDT...
2026-04-06 00:02:11 - [INFO] - Descargando matrices y calculando flujo continuo para AAVEUSDT...
2026-04-06 00:02:17 - [INFO] - Descargando matrices y calculando flujo continuo para AAVEUSDT...
2026-04-06 00:02:23 - [INFO] - Descargando matrices y calculando flujo continuo para AAVEUSDT...
